Processing 2 files
Start Processing: me/gui/Gui.java
FOUND CONSTR method me/gui/Gui/Gui (Lnet/minecraft/client/gui/GuiScreen;)V me/gui/Gui
Rename method net/minecraft/client/gui/GuiScreen/initGui ()V[1093,1100]::initGui->func_73866_w_
Rename field net/minecraft/client/gui/GuiScreen/mc[1178,1180]::mc->field_146297_k
Rename field net/minecraft/client/gui/GuiScreen/mc[1235,1237]::mc->field_146297_k
Rename field net/minecraft/client/Minecraft/fontRenderer[1250,1262]::fontRenderer->field_71466_p
Rename method net/minecraft/client/gui/ScaledResolution/getScaledWidth ()I[1268,1282]::getScaledWidth->func_78326_a
Rename method net/minecraft/client/gui/ScaledResolution/getScaledHeight ()I[1297,1312]::getScaledHeight->func_78328_b
Rename method net/minecraft/client/gui/GuiTextField/setMaxStringLength (I)V[1348,1366]::setMaxStringLength->func_146203_f
Rename method net/minecraft/client/gui/GuiTextField/setFocused (Z)V[1386,1396]::setFocused->func_146195_b
Rename field net/minecraft/client/gui/GuiScreen/buttonList[1410,1420]::buttonList->field_146292_n
Rename method net/minecraft/client/gui/ScaledResolution/getScaledWidth ()I[1457,1471]::getScaledWidth->func_78326_a
Rename method net/minecraft/client/gui/ScaledResolution/getScaledHeight ()I[1486,1501]::getScaledHeight->func_78328_b
Rename field net/minecraft/client/gui/GuiScreen/buttonList[1535,1545]::buttonList->field_146292_n
Rename method net/minecraft/client/gui/ScaledResolution/getScaledWidth ()I[1582,1596]::getScaledWidth->func_78326_a
Rename method net/minecraft/client/gui/ScaledResolution/getScaledHeight ()I[1611,1626]::getScaledHeight->func_78328_b
Rename field net/minecraft/client/gui/GuiScreen/buttonList[1659,1669]::buttonList->field_146292_n
Rename method net/minecraft/client/gui/ScaledResolution/getScaledWidth ()I[1706,1720]::getScaledWidth->func_78326_a
Rename method net/minecraft/client/gui/ScaledResolution/getScaledHeight ()I[1734,1749]::getScaledHeight->func_78328_b
Rename method net/minecraft/client/gui/GuiScreen/initGui ()V[1795,1802]::initGui->func_73866_w_
Rename method net/minecraft/client/gui/GuiScreen/onGuiClosed ()V[1844,1855]::onGuiClosed->func_146281_b
Rename method net/minecraft/client/gui/GuiScreen/onGuiClosed ()V[1912,1923]::onGuiClosed->func_146281_b
Rename method net/minecraft/client/gui/GuiScreen/drawScreen (IIF)V[1961,1971]::drawScreen->func_73863_a
Rename method net/minecraft/client/gui/GuiScreen/drawDefaultBackground ()V[2023,2044]::drawDefaultBackground->func_146276_q_
Rename field net/minecraft/client/gui/GuiScreen/mc[2044,2046]::mc->field_146297_k
Rename field net/minecraft/client/Minecraft/fontRenderer[2059,2071]::fontRenderer->field_71466_p
Rename method net/minecraft/client/gui/FontRenderer/drawString (Ljava/lang/String;III)I[2073,2083]::drawString->func_78276_b
Rename method net/minecraft/client/gui/ScaledResolution/getScaledWidth ()I[2117,2131]::getScaledWidth->func_78326_a
Rename field net/minecraft/client/gui/GuiScreen/mc[2138,2140]::mc->field_146297_k
Rename field net/minecraft/client/Minecraft/fontRenderer[2153,2165]::fontRenderer->field_71466_p
Rename method net/minecraft/client/gui/FontRenderer/getStringWidth (Ljava/lang/String;)I[2167,2181]::getStringWidth->func_78256_a
Rename method net/minecraft/client/gui/ScaledResolution/getScaledHeight ()I[2216,2231]::getScaledHeight->func_78328_b
Rename field net/minecraft/client/gui/GuiScreen/mc[2343,2345]::mc->field_146297_k
Rename method net/minecraft/client/Minecraft/getSession ()Lnet/minecraft/util/Session;[2358,2368]::getSession->func_110432_I
Rename method net/minecraft/util/Session/getUsername ()Ljava/lang/String;[2374,2385]::getUsername->func_111285_a
Rename field net/minecraft/client/gui/GuiScreen/mc[2460,2462]::mc->field_146297_k
Rename method net/minecraft/client/Minecraft/getSession ()Lnet/minecraft/util/Session;[2475,2485]::getSession->func_110432_I
Rename method net/minecraft/util/Session/getPlayerID ()Ljava/lang/String;[2491,2502]::getPlayerID->func_148255_b
Rename field net/minecraft/client/gui/GuiScreen/mc[2511,2513]::mc->field_146297_k
Rename field net/minecraft/client/Minecraft/fontRenderer[2526,2538]::fontRenderer->field_71466_p
Rename method net/minecraft/client/gui/FontRenderer/drawString (Ljava/lang/String;III)I[2540,2550]::drawString->func_78276_b
Rename method net/minecraft/client/gui/ScaledResolution/getScaledWidth ()I[2564,2578]::getScaledWidth->func_78326_a
Rename field net/minecraft/client/gui/GuiScreen/mc[2585,2587]::mc->field_146297_k
Rename field net/minecraft/client/Minecraft/fontRenderer[2600,2612]::fontRenderer->field_71466_p
Rename method net/minecraft/client/gui/FontRenderer/getStringWidth (Ljava/lang/String;)I[2614,2628]::getStringWidth->func_78256_a
Rename method net/minecraft/client/gui/ScaledResolution/getScaledHeight ()I[2648,2663]::getScaledHeight->func_78328_b
Rename method net/minecraft/client/gui/GuiTextField/drawTextBox ()V[2712,2723]::drawTextBox->func_146194_f
Rename method net/minecraft/client/gui/GuiScreen/drawScreen (IIF)V[2740,2750]::drawScreen->func_73863_a
Rename method net/minecraft/client/gui/GuiScreen/actionPerformed (Lnet/minecraft/client/gui/GuiButton;)V[2819,2834]::actionPerformed->func_146284_a
Rename field net/minecraft/client/gui/GuiButton/id[2886,2888]::id->field_146127_k
Rename method net/minecraft/client/gui/GuiTextField/getText ()Ljava/lang/String;[2931,2938]::getText->func_146179_b
Rename method net/minecraft/client/gui/GuiTextField/getText ()Ljava/lang/String;[2985,2992]::getText->func_146179_b
Rename method net/minecraft/client/gui/GuiTextField/getText ()Ljava/lang/String;[3068,3075]::getText->func_146179_b
Rename method net/minecraft/client/gui/GuiTextField/setText (Ljava/lang/String;)V[3298,3305]::setText->func_146180_a
Rename field net/minecraft/client/gui/GuiButton/id[3411,3413]::id->field_146127_k
Rename method net/minecraft/util/Session/getUsername ()Ljava/lang/String;[3488,3499]::getUsername->func_111285_a
Rename method net/minecraft/util/Session/getPlayerID ()Ljava/lang/String;[3526,3537]::getPlayerID->func_148255_b
Rename method net/minecraft/util/Session/getToken ()Ljava/lang/String;[3571,3579]::getToken->func_148254_d
Rename method net/minecraft/client/gui/GuiTextField/setText (Ljava/lang/String;)V[3617,3624]::setText->func_146180_a
Rename field net/minecraft/client/gui/GuiButton/id[3702,3704]::id->field_146127_k
Rename field net/minecraft/client/gui/GuiScreen/mc[3731,3733]::mc->field_146297_k
Rename method net/minecraft/client/Minecraft/displayGuiScreen (Lnet/minecraft/client/gui/GuiScreen;)V[3746,3762]::displayGuiScreen->func_147108_a
Rename method net/minecraft/client/gui/GuiScreen/actionPerformed (Lnet/minecraft/client/gui/GuiButton;)V[3791,3806]::actionPerformed->func_146284_a
Rename method net/minecraft/client/gui/GuiScreen/keyTyped (CI)V[3849,3857]::keyTyped->func_73869_a
Rename method net/minecraft/client/gui/GuiTextField/textboxKeyTyped (CI)Z[3928,3943]::textboxKeyTyped->func_146201_a
Rename field net/minecraft/client/gui/GuiScreen/mc[4006,4008]::mc->field_146297_k
Rename method net/minecraft/client/Minecraft/displayGuiScreen (Lnet/minecraft/client/gui/GuiScreen;)V[4021,4037]::displayGuiScreen->func_147108_a
Rename method net/minecraft/client/gui/GuiScreen/keyTyped (CI)V[4070,4078]::keyTyped->func_73869_a
Import: java.awt.Color
Import: java.io.IOException
Import: java.util.UUID
Import: org.lwjgl.input.Keyboard
Import: com.mojang.authlib.GameProfile
Import: com.mojang.authlib.exceptions.AuthenticationException
Import: com.mojang.authlib.exceptions.AuthenticationUnavailableException
Import: com.mojang.authlib.exceptions.InvalidCredentialsException
Import: com.mojang.realmsclient.gui.ChatFormatting
Import: me.main.Main
Import: net.minecraft.client.Minecraft
Import: net.minecraft.client.gui.GuiButton
Import: net.minecraft.client.gui.GuiMultiplayer
Import: net.minecraft.client.gui.GuiScreen
Import: net.minecraft.client.gui.GuiTextField
Import: net.minecraft.client.gui.ScaledResolution
Import: net.minecraft.entity.player.EntityPlayer.EnumChatVisibility
Import: net.minecraft.util.Session
End  Processing: me/gui/Gui.java

Start Processing: me/main/Main.java
Rename method net/minecraft/client/Minecraft/getMinecraft ()Lnet/minecraft/client/Minecraft;[1156,1168]::getMinecraft->func_71410_x
Rename method net/minecraft/client/Minecraft/getSession ()Lnet/minecraft/util/Session;[1217,1227]::getSession->func_110432_I
New Key: class net/minecraftforge/client/event/GuiScreenEvent
New Key: class net/minecraftforge/client/event/GuiScreenEvent
Rename field net/minecraft/client/gui/GuiButton/id[1822,1824]::id->field_146127_k
Rename method net/minecraft/client/Minecraft/getMinecraft ()Lnet/minecraft/client/Minecraft;[1862,1874]::getMinecraft->func_71410_x
Rename method net/minecraft/client/Minecraft/displayGuiScreen (Lnet/minecraft/client/gui/GuiScreen;)V[1877,1893]::displayGuiScreen->func_147108_a
Rename method net/minecraft/client/Minecraft/getMinecraft ()Lnet/minecraft/client/Minecraft;[2666,2678]::getMinecraft->func_71410_x
Rename method net/minecraft/client/Minecraft/getMinecraft ()Lnet/minecraft/client/Minecraft;[2777,2789]::getMinecraft->func_71410_x
Rename method net/minecraft/client/Minecraft/getProfileProperties ()Lcom/mojang/authlib/properties/PropertyMap;[2817,2837]::getProfileProperties->func_181037_M
Rename method net/minecraft/client/Minecraft/getProfileProperties ()Lcom/mojang/authlib/properties/PropertyMap;[2856,2876]::getProfileProperties->func_181037_M
Import: net.minecraft.client.Minecraft
Import: net.minecraft.client.gui.GuiButton
Import: net.minecraft.client.gui.GuiMultiplayer
Import: net.minecraft.init.Blocks
Import: net.minecraft.util.Session
Import: net.minecraftforge.client.event.GuiScreenEvent
Import: net.minecraftforge.common.MinecraftForge
Import: net.minecraftforge.fml.common.Mod
Import: net.minecraftforge.fml.common.Mod.EventHandler
Import: net.minecraftforge.fml.common.event.FMLInitializationEvent
Import: net.minecraftforge.fml.common.event.FMLPreInitializationEvent
Import: net.minecraftforge.fml.common.eventhandler.SubscribeEvent
Import: net.minecraftforge.fml.common.ObfuscationReflectionHelper
Import: java.awt.Color
Import: java.lang.reflect.Field
Import: org.apache.logging.log4j.Logger
Import: com.mojang.authlib.GameProfile
Import: me.gui.Gui
End  Processing: me/main/Main.java

